D:\c sharp\Visual Studio 2015\CSVHandler\CSVHandler\app\home\home.service.js
D:\c sharp\Visual Studio 2015\CSVHandler\CSVHandler\app\home\home.service.js.map
D:\c sharp\Visual Studio 2015\CSVHandler\CSVHandler\app\home\home.component.js
D:\c sharp\Visual Studio 2015\CSVHandler\CSVHandler\app\home\home.component.js.map
D:\c sharp\Visual Studio 2015\CSVHandler\CSVHandler\app\home\home.module.js
D:\c sharp\Visual Studio 2015\CSVHandler\CSVHandler\app\home\home.module.js.map
D:\c sharp\Visual Studio 2015\CSVHandler\CSVHandler\app\home\main.js
D:\c sharp\Visual Studio 2015\CSVHandler\CSVHandler\app\home\main.js.map
D:\c sharp\Visual Studio 2015\CSVHandler\CSVHandler\app\home\home.service.js
D:\c sharp\Visual Studio 2015\CSVHandler\CSVHandler\app\home\home.service.js.map
D:\c sharp\Visual Studio 2015\CSVHandler\CSVHandler\app\home\home.component.js
D:\c sharp\Visual Studio 2015\CSVHandler\CSVHandler\app\home\home.component.js.map
D:\c sharp\Visual Studio 2015\CSVHandler\CSVHandler\app\home\home.module.js
D:\c sharp\Visual Studio 2015\CSVHandler\CSVHandler\app\home\home.module.js.map
D:\c sharp\Visual Studio 2015\CSVHandler\CSVHandler\app\home\main.js
D:\c sharp\Visual Studio 2015\CSVHandler\CSVHandler\app\home\main.js.map
D:\c sharp\Visual Studio 2015\CSVHandler\CSVHandler\app\home\home.service.js
D:\c sharp\Visual Studio 2015\CSVHandler\CSVHandler\app\home\home.service.js.map
D:\c sharp\Visual Studio 2015\CSVHandler\CSVHandler\app\home\home.component.js
D:\c sharp\Visual Studio 2015\CSVHandler\CSVHandler\app\home\home.component.js.map
D:\c sharp\Visual Studio 2015\CSVHandler\CSVHandler\app\home\home.module.js
D:\c sharp\Visual Studio 2015\CSVHandler\CSVHandler\app\home\home.module.js.map
D:\c sharp\Visual Studio 2015\CSVHandler\CSVHandler\app\home\main.js
D:\c sharp\Visual Studio 2015\CSVHandler\CSVHandler\app\home\main.js.map
D:\c sharp\Visual Studio 2015\CSVHandler\CSVHandler\app\home\home.service.js
D:\c sharp\Visual Studio 2015\CSVHandler\CSVHandler\app\home\home.service.js.map
D:\c sharp\Visual Studio 2015\CSVHandler\CSVHandler\app\home\home.component.js
D:\c sharp\Visual Studio 2015\CSVHandler\CSVHandler\app\home\home.component.js.map
D:\c sharp\Visual Studio 2015\CSVHandler\CSVHandler\app\home\home.module.js
D:\c sharp\Visual Studio 2015\CSVHandler\CSVHandler\app\home\home.module.js.map
D:\c sharp\Visual Studio 2015\CSVHandler\CSVHandler\app\home\main.js
D:\c sharp\Visual Studio 2015\CSVHandler\CSVHandler\app\home\main.js.map
D:\c sharp\Visual Studio 2015\CSVHandler\CSVHandler\app\home\home.service.js
D:\c sharp\Visual Studio 2015\CSVHandler\CSVHandler\app\home\home.service.js.map
D:\c sharp\Visual Studio 2015\CSVHandler\CSVHandler\app\home\home.component.js
D:\c sharp\Visual Studio 2015\CSVHandler\CSVHandler\app\home\home.component.js.map
D:\c sharp\Visual Studio 2015\CSVHandler\CSVHandler\app\home\home.module.js
D:\c sharp\Visual Studio 2015\CSVHandler\CSVHandler\app\home\home.module.js.map
D:\c sharp\Visual Studio 2015\CSVHandler\CSVHandler\app\home\main.js
D:\c sharp\Visual Studio 2015\CSVHandler\CSVHandler\app\home\main.js.map
